<?xml version="1.0" encoding="UTF-8"?>
<!-- Generated by org.testng.reporters.JUnitReportReporter -->
<testsuite skipped="0" hostname="DESKTOP-31OPKJP" name="First_test" tests="3" failures="0" timestamp="22 Sep 2019 04:08:01 GMT" time="39.253" errors="0">
  <testcase name="test" time="39.206" classname="First_test"/>
  <testcase name="test_1" time="0.003" classname="First_test"/>
  <testcase name="a_test" time="0.044" classname="First_test"/>
</testsuite> <!-- First_test -->
