<?xml version="1.0" encoding="UTF-8"?>
<!-- Generated by org.testng.reporters.JUnitReportReporter -->
<testsuite skipped="0" hostname="DESKTOP-31OPKJP" name="Second_test" tests="1" failures="0" timestamp="22 Sep 2019 04:08:01 GMT" time="0.002" errors="0">
  <testcase name="b_test" time="0.002" classname="Second_test"/>
</testsuite> <!-- Second_test -->
