<?xml version="1.0" encoding="UTF-8"?>
<!-- Generated by org.testng.reporters.JUnitReportReporter -->
<testsuite skipped="0" hostname="DESKTOP-31OPKJP" name="BigBinaryAssignment" tests="1" failures="0" timestamp="23 Sep 2019 17:59:28 GMT" time="46.241" errors="0">
  <testcase name="test" time="46.241" classname="BigBinaryAssignment"/>
</testsuite> <!-- BigBinaryAssignment -->
